StudentProjects/CattelApplication/CattleDisease/app/build/intermediates/manifest_merge_blame_file/debug/manifest-merger-blame-debug-report.txt
1<?xml version="1.0" encoding="utf-8"?>
2<manifest xmlns:android="http://schemas.android.com/apk/res/android"
3    package="com.example.cattledisease"
4    android:versionCode="1"
5    android:versionName="1.0" >
6
7    <uses-sdk
8        android:minSdkVersion="21"
8-->src\main\AndroidManifest.xml
9        android:targetSdkVersion="32" />
9-->src\main\AndroidManifest.xml
10
11    <!--
12         The ACCESS_COARSE/FINE_LOCATION permissions are not required to use
13         Google Maps Android API v2, but you must specify either coarse or fine
14         location permissions for the "MyLocation" functionality.
15    -->
16    <uses-permission android:name="android.permission.ACCESS_FINE_LOCATION" />
16-->src\main\AndroidManifest.xml:10:5-79
16-->src\main\AndroidManifest.xml:10:22-76
17    <uses-permission android:name="android.permission.ACCESS_COARSE_LOCATION" />
17-->src\main\AndroidManifest.xml:11:5-81
17-->src\main\AndroidManifest.xml:11:22-78
18    <uses-permission android:name="android.permission.ACCESS_NETWORK_STATE" />
18-->src\main\AndroidManifest.xml:12:5-78
18-->src\main\AndroidManifest.xml:12:22-76
19    <uses-permission android:name="com.google.android.providers.gsf.permission.READ_GSERVICES" />
19-->src\main\AndroidManifest.xml:13:5-97
19-->src\main\AndroidManifest.xml:13:22-95
20    <uses-permission android:name="com.example.cattledisease.permission.MAPS_RECEIVE" />
20-->src\main\AndroidManifest.xml:14:5-88
20-->src\main\AndroidManifest.xml:14:22-86
21    <uses-permission android:name="com.google.android.providers.gsf.permission.READ_GSERVICES" />
21-->src\main\AndroidManifest.xml:13:5-97
21-->src\main\AndroidManifest.xml:13:22-95
22    <uses-permission android:name="android.permission.INTERNET" />
22-->src\main\AndroidManifest.xml:19:5-67
22-->src\main\AndroidManifest.xml:19:22-64
23    <uses-permission android:name="android.permission.CALL_PHONE" />
23-->src\main\AndroidManifest.xml:20:5-69
23-->src\main\AndroidManifest.xml:20:22-66
24    <uses-permission android:name="android.permission.SEND_SMS" />
24-->src\main\AndroidManifest.xml:21:5-67
24-->src\main\AndroidManifest.xml:21:22-64
25    <uses-permission android:name="android.permission.READ_EXTERNAL_STORAGE" />
25-->src\main\AndroidManifest.xml:22:5-80
25-->src\main\AndroidManifest.xml:22:22-77
26
27    <uses-feature
27-->[com.google.android.gms:play-services-maps:17.0.0] AndroidManifest.xml:26:5-28:35
28        android:glEsVersion="0x00020000"
28-->[com.google.android.gms:play-services-maps:17.0.0] AndroidManifest.xml:27:9-41
29        android:required="true" />
29-->[com.google.android.gms:play-services-maps:17.0.0] AndroidManifest.xml:28:9-32
30
31    <application
31-->src\main\AndroidManifest.xml:24:5-67:19
32        android:name="com.example.cattledisease.ui.NearByLocation.LocController"
32-->src\main\AndroidManifest.xml:30:9-81
33        android:allowBackup="true"
33-->src\main\AndroidManifest.xml:25:9-35
34        android:appComponentFactory="androidx.core.app.CoreComponentFactory"
34-->[androidx.core:core:1.8.0] AndroidManifest.xml:24:18-86
35        android:debuggable="true"
36        android:icon="@drawable/logo"
36-->src\main\AndroidManifest.xml:26:9-38
37        android:label="@string/app_name"
37-->src\main\AndroidManifest.xml:27:9-41
38        android:roundIcon="@mipmap/ic_launcher_round"
38-->src\main\AndroidManifest.xml:28:9-54
39        android:supportsRtl="true"
39-->src\main\AndroidManifest.xml:29:9-35
40        android:testOnly="true"
41        android:theme="@style/AppTheme"
41-->src\main\AndroidManifest.xml:31:9-40
42        android:usesCleartextTraffic="true" >
42-->src\main\AndroidManifest.xml:32:9-44
43
44        <!--
45             The API key for Google Maps-based APIs is defined as a string resource.
46             (See the file "res/values/google_maps_api.xml").
47             Note that the API key is linked to the encryption key used to sign the APK.
48             You need a different API key for each encryption key, including the release key that is used to
49             sign the APK for publishing.
50             You can define the keys for the debug and release targets in src/debug/ and src/release/.
51        -->
52        <meta-data
52-->src\main\AndroidManifest.xml:42:9-44:55
53            android:name="com.google.android.geo.API_KEY"
53-->src\main\AndroidManifest.xml:43:13-58
54            android:value="@string/google_maps_key" />
54-->src\main\AndroidManifest.xml:44:13-52
55
56        <activity
56-->src\main\AndroidManifest.xml:46:9-48:70
57            android:name="com.example.cattledisease.ui.NearByLocation.NearByLocation"
57-->src\main\AndroidManifest.xml:47:13-61
58            android:label="@string/title_activity_near_by_location" />
58-->src\main\AndroidManifest.xml:48:13-68
59        <activity
59-->src\main\AndroidManifest.xml:49:9-51:44
60            android:name="com.example.cattledisease.ui.Breeds.BreedDetails"
60-->src\main\AndroidManifest.xml:50:13-51
61            android:label="Breed_Details" />
61-->src\main\AndroidManifest.xml:51:13-42
62        <activity
62-->src\main\AndroidManifest.xml:52:9-55:59
63            android:name="com.example.cattledisease.Home"
63-->src\main\AndroidManifest.xml:53:13-33
64            android:label="@string/title_activity_home"
64-->src\main\AndroidManifest.xml:54:13-56
65            android:theme="@style/AppTheme.NoActionBar" />
65-->src\main\AndroidManifest.xml:55:13-56
66        <activity
66-->src\main\AndroidManifest.xml:56:9-64:20
67            android:name="com.example.cattledisease.SplashActivity"
67-->src\main\AndroidManifest.xml:57:13-43
68            android:theme="@style/SplashScreenTheme" >
68-->src\main\AndroidManifest.xml:58:13-53
69            <intent-filter>
69-->src\main\AndroidManifest.xml:59:13-63:29
70                <action android:name="android.intent.action.MAIN" />
70-->src\main\AndroidManifest.xml:60:17-69
70-->src\main\AndroidManifest.xml:60:25-66
71
72                <category android:name="android.intent.category.LAUNCHER" />
72-->src\main\AndroidManifest.xml:62:17-77
72-->src\main\AndroidManifest.xml:62:27-74
73            </intent-filter>
74        </activity>
75        <activity android:name="com.example.cattledisease.Registration" />
75-->src\main\AndroidManifest.xml:65:9-50
75-->src\main\AndroidManifest.xml:65:19-47
76        <activity android:name="com.example.cattledisease.MainActivity" />
76-->src\main\AndroidManifest.xml:66:9-50
76-->src\main\AndroidManifest.xml:66:19-47
77        <!-- Needs to be explicitly declared on P+ -->
78        <uses-library
78-->[com.google.android.gms:play-services-maps:17.0.0] AndroidManifest.xml:33:9-35:40
79            android:name="org.apache.http.legacy"
79-->[com.google.android.gms:play-services-maps:17.0.0] AndroidManifest.xml:34:13-50
80            android:required="false" />
80-->[com.google.android.gms:play-services-maps:17.0.0] AndroidManifest.xml:35:13-37
81
82        <activity
82-->[com.google.android.gms:play-services-base:18.1.0] AndroidManifest.xml:20:9-22:45
83            android:name="com.google.android.gms.common.api.GoogleApiActivity"
83-->[com.google.android.gms:play-services-base:18.1.0] AndroidManifest.xml:20:19-85
84            android:exported="false"
84-->[com.google.android.gms:play-services-base:18.1.0] AndroidManifest.xml:22:19-43
85            android:theme="@android:style/Theme.Translucent.NoTitleBar" />
85-->[com.google.android.gms:play-services-base:18.1.0] AndroidManifest.xml:21:19-78
86
87        <meta-data
87-->[com.google.android.gms:play-services-basement:18.1.0] AndroidManifest.xml:21:9-23:69
88            android:name="com.google.android.gms.version"
88-->[com.google.android.gms:play-services-basement:18.1.0] AndroidManifest.xml:22:13-58
89            android:value="@integer/google_play_services_version" />
89-->[com.google.android.gms:play-services-basement:18.1.0] AndroidManifest.xml:23:13-66
90
91        <provider
91-->[androidx.emoji2:emoji2:1.2.0] AndroidManifest.xml:24:9-32:20
92            android:name="androidx.startup.InitializationProvider"
92-->[androidx.emoji2:emoji2:1.2.0] AndroidManifest.xml:25:13-67
93            android:authorities="com.example.cattledisease.androidx-startup"
93-->[androidx.emoji2:emoji2:1.2.0] AndroidManifest.xml:26:13-68
94            android:exported="false" >
94-->[androidx.emoji2:emoji2:1.2.0] AndroidManifest.xml:27:13-37
95            <meta-data
95-->[androidx.emoji2:emoji2:1.2.0] AndroidManifest.xml:29:13-31:52
96                android:name="androidx.emoji2.text.EmojiCompatInitializer"
96-->[androidx.emoji2:emoji2:1.2.0] AndroidManifest.xml:30:17-75
97                android:value="androidx.startup" />
97-->[androidx.emoji2:emoji2:1.2.0] AndroidManifest.xml:31:17-49
98            <meta-data
98-->[androidx.lifecycle:lifecycle-process:2.4.1] AndroidManifest.xml:31:13-33:52
99                android:name="androidx.lifecycle.ProcessLifecycleInitializer"
99-->[androidx.lifecycle:lifecycle-process:2.4.1] AndroidManifest.xml:32:17-78
100                android:value="androidx.startup" />
100-->[androidx.lifecycle:lifecycle-process:2.4.1] AndroidManifest.xml:33:17-49
101        </provider>
102    </application>
103
104</manifest>